<?xml version="1.0" encoding="UTF-8"?>
<!-- Generated by org.testng.reporters.JUnitReportReporter -->
<testsuite skipped="0" hostname="YMALIK-DL-IN" name="webTesting.GoogleSearch" tests="1" failures="0" timestamp="02 May 2017 18:06:38 GMT" time="11.708" errors="0">
  <testcase name="Testcase1" time="11.708" classname="webTesting.GoogleSearch"/>
</testsuite> <!-- webTesting.GoogleSearch -->
