<?xml version="1.0" encoding="UTF-8"?>
<!-- Generated by org.testng.reporters.JUnitReportReporter -->
<testsuite skipped="0" hostname="YMALIK-DL-IN" name="Tests.Google_Search_Result" tests="2" failures="0" timestamp="02 May 2017 18:03:33 GMT" time="7.021" errors="0">
  <testcase name="SearchPageVerification" time="6.481" classname="Tests.Google_Search_Result"/>
  <testcase name="ResultPageVerification" time="0.540" classname="Tests.Google_Search_Result"/>
</testsuite> <!-- Tests.Google_Search_Result -->
