<?xml version="1.0" encoding="UTF-8"?>
<!-- Generated by org.testng.reporters.JUnitReportReporter -->
<testsuite skipped="0" hostname="YMALIK-DL-IN" name="Tests.Login" tests="3" failures="0" timestamp="17 May 2017 07:46:46 GMT" time="0.926" errors="0">
  <testcase name="LOGIN_FirstRainLOGO_Verification" time="0.235" classname="Tests.Login"/>
  <testcase name="LOGIN_PrimaryHeading_Verification" time="0.165" classname="Tests.Login"/>
  <testcase name="LOGIN_PrimaryTextPresent_Verification" time="0.526" classname="Tests.Login"/>
</testsuite> <!-- Tests.Login -->
