<?xml version="1.0" encoding="UTF-8"?>
<!-- Generated by org.testng.reporters.JUnitReportReporter -->
<testsuite skipped="0" hostname="YMALIK-DL-IN" name="com.yogita.web.FirstWebCode" tests="1" failures="0" timestamp="21 Apr 2017 18:48:26 GMT" time="0.028" errors="0">
  <testcase name="Web_Print" time="0.028" classname="com.yogita.web.FirstWebCode"/>
</testsuite> <!-- com.yogita.web.FirstWebCode -->
